Detecting compiler hash for triplet x64-windows...
Compiler found: C:/Program Files/Microsoft Visual Studio/18/Community/VC/Tools/MSVC/14.50.35717/bin/Hostx64/x64/cl.exe
The following packages are already installed:
    asmjit:x64-windows@2025-10-13
  * vcpkg-cmake:x64-windows@2024-04-23
  * vcpkg-cmake-config:x64-windows@2024-05-23
  * zycore:x64-windows@1.5.2
    zydis:x64-windows@4.1.1#1
The following packages will be built and installed:
    gtest:x64-windows@1.17.0#2
Restored 0 package(s) from C:\Users\Letalty\AppData\Local\vcpkg\archives in 778 us. Use --debug to see more details.
Installing 1/1 gtest:x64-windows@1.17.0#2...
gtest:x64-windows@1.17.0#2 package ABI: 40f2f35dbaedeb6f35e9dcd9cb0fe08876d342dc50181b9d43e6781f33a5f422
Building gtest:x64-windows@1.17.0#2...
Downloading https://github.com/google/googletest/archive/v1.17.0.tar.gz -> google-googletest-v1.17.0.tar.gz
Successfully downloaded google-googletest-v1.17.0.tar.gz
-- Extracting source C:/Users/Letalty/AppData/Local/vcpkg/downloads/google-googletest-v1.17.0.tar.gz
-- Applying patch 001-fix-UWP-death-test.patch
-- Applying patch clang-tidy-no-lint.patch
-- Applying patch fix-main-lib-path.patch
-- Using source at C:/Users/Letalty/AppData/Local/vcpkg/buildtrees/gtest/src/v1.17.0-0c449efaff.clean
-- Configuring x64-windows
-- Building x64-windows-dbg
-- Building x64-windows-rel
-- Installing: C:/Users/Letalty/AppData/Local/vcpkg/packages/gtest_x64-windows/src/gtest.cc
-- Installing: C:/Users/Letalty/AppData/Local/vcpkg/packages/gtest_x64-windows/src/gtest_main.cc
-- Installing: C:/Users/Letalty/AppData/Local/vcpkg/packages/gtest_x64-windows/src/gtest-all.cc
-- Installing: C:/Users/Letalty/AppData/Local/vcpkg/packages/gtest_x64-windows/src/gtest-assertion-result.cc
-- Installing: C:/Users/Letalty/AppData/Local/vcpkg/packages/gtest_x64-windows/src/gtest-death-test.cc
-- Installing: C:/Users/Letalty/AppData/Local/vcpkg/packages/gtest_x64-windows/src/gtest-filepath.cc
-- Installing: C:/Users/Letalty/AppData/Local/vcpkg/packages/gtest_x64-windows/src/gtest-internal-inl.h
-- Installing: C:/Users/Letalty/AppData/Local/vcpkg/packages/gtest_x64-windows/src/gtest-matchers.cc
-- Installing: C:/Users/Letalty/AppData/Local/vcpkg/packages/gtest_x64-windows/src/gtest-port.cc
-- Installing: C:/Users/Letalty/AppData/Local/vcpkg/packages/gtest_x64-windows/src/gtest-printers.cc
-- Installing: C:/Users/Letalty/AppData/Local/vcpkg/packages/gtest_x64-windows/src/gtest-test-part.cc
-- Installing: C:/Users/Letalty/AppData/Local/vcpkg/packages/gtest_x64-windows/src/gtest-typed-test.cc
-- Fixing pkgconfig file: C:/Users/Letalty/AppData/Local/vcpkg/packages/gtest_x64-windows/lib/pkgconfig/gmock.pc
-- Fixing pkgconfig file: C:/Users/Letalty/AppData/Local/vcpkg/packages/gtest_x64-windows/lib/pkgconfig/gmock_main.pc
-- Fixing pkgconfig file: C:/Users/Letalty/AppData/Local/vcpkg/packages/gtest_x64-windows/lib/pkgconfig/gtest.pc
-- Fixing pkgconfig file: C:/Users/Letalty/AppData/Local/vcpkg/packages/gtest_x64-windows/lib/pkgconfig/gtest_main.pc
Downloading msys2-mingw-w64-x86_64-pkgconf-1~2.5.1-1-any.pkg.tar.zst, trying https://mirror.msys2.org/mingw/mingw64/mingw-w64-x86_64-pkgconf-1~2.5.1-1-any.pkg.tar.zst
Successfully downloaded msys2-mingw-w64-x86_64-pkgconf-1~2.5.1-1-any.pkg.tar.zst
Downloading msys2-msys2-runtime-3.6.5-1-x86_64.pkg.tar.zst, trying https://mirror.msys2.org/msys/x86_64/msys2-runtime-3.6.5-1-x86_64.pkg.tar.zst
Successfully downloaded msys2-msys2-runtime-3.6.5-1-x86_64.pkg.tar.zst
-- Using msys root at C:/Users/Letalty/AppData/Local/vcpkg/downloads/tools/msys2/3e71d1f8e22ab23f
-- Fixing pkgconfig file: C:/Users/Letalty/AppData/Local/vcpkg/packages/gtest_x64-windows/debug/lib/pkgconfig/gmock.pc
-- Fixing pkgconfig file: C:/Users/Letalty/AppData/Local/vcpkg/packages/gtest_x64-windows/debug/lib/pkgconfig/gmock_main.pc
-- Fixing pkgconfig file: C:/Users/Letalty/AppData/Local/vcpkg/packages/gtest_x64-windows/debug/lib/pkgconfig/gtest.pc
-- Fixing pkgconfig file: C:/Users/Letalty/AppData/Local/vcpkg/packages/gtest_x64-windows/debug/lib/pkgconfig/gtest_main.pc
-- Installing: C:/Users/Letalty/AppData/Local/vcpkg/packages/gtest_x64-windows/share/gtest/copyright
-- Installing: C:/Users/Letalty/AppData/Local/vcpkg/packages/gtest_x64-windows/share/gtest/usage
-- Performing post-build validation
Starting submission of gtest:x64-windows@1.17.0#2 to 1 binary cache(s) in the background
Elapsed time to handle gtest:x64-windows: 56 s
Installed contents are licensed to you by owners. Microsoft is not responsible for, nor does it grant any licenses to, third-party packages.
Packages installed in this vcpkg installation declare the following licenses:
BSD-3-Clause
asmjit provides CMake targets:

  # this is heuristically generated, and may not be correct
  find_package(asmjit CONFIG REQUIRED)
  target_link_libraries(main PRIVATE asmjit::asmjit)

The package gtest is compatible with built-in CMake targets:

    enable_testing()
    
    find_package(GTest CONFIG REQUIRED)
    target_link_libraries(main PRIVATE GTest::gtest GTest::gtest_main GTest::gmock GTest::gmock_main)
    
    add_test(AllTestsInMain main)

zydis provides CMake targets:

  # this is heuristically generated, and may not be correct
  find_package(zydis CONFIG REQUIRED)
  target_link_libraries(main PRIVATE Zydis::Zydis)

Waiting for 1 remaining binary cache submissions...
Completed submission of gtest:x64-windows@1.17.0#2 to 1 binary cache(s) in 1.7 s (1/1)
All requested installations completed successfully in: 56 s
